mode: count
github.com/jordanlanch/docucenter-test/repository/discount_repository.go:17.81,19.2 1 8
github.com/jordanlanch/docucenter-test/repository/discount_repository.go:21.151,26.28 4 1
github.com/jordanlanch/docucenter-test/repository/discount_repository.go:30.2,31.25 2 1
github.com/jordanlanch/docucenter-test/repository/discount_repository.go:34.2,34.22 1 1
github.com/jordanlanch/docucenter-test/repository/discount_repository.go:26.28,28.3 1 0
github.com/jordanlanch/docucenter-test/repository/discount_repository.go:31.25,33.3 1 0
github.com/jordanlanch/docucenter-test/repository/discount_repository.go:37.100,40.25 3 1
github.com/jordanlanch/docucenter-test/repository/discount_repository.go:43.2,43.23 1 1
github.com/jordanlanch/docucenter-test/repository/discount_repository.go:40.25,42.3 1 0
github.com/jordanlanch/docucenter-test/repository/discount_repository.go:46.141,49.25 3 4
github.com/jordanlanch/docucenter-test/repository/discount_repository.go:52.2,52.23 1 2
github.com/jordanlanch/docucenter-test/repository/discount_repository.go:49.25,51.3 1 2
github.com/jordanlanch/docucenter-test/repository/discount_repository.go:55.103,57.25 2 5
github.com/jordanlanch/docucenter-test/repository/discount_repository.go:60.2,60.15 1 5
github.com/jordanlanch/docucenter-test/repository/discount_repository.go:57.25,59.3 1 0
github.com/jordanlanch/docucenter-test/repository/discount_repository.go:63.118,65.25 2 2
github.com/jordanlanch/docucenter-test/repository/discount_repository.go:68.2,68.30 1 2
github.com/jordanlanch/docucenter-test/repository/discount_repository.go:71.2,71.15 1 1
github.com/jordanlanch/docucenter-test/repository/discount_repository.go:65.25,67.3 1 0
github.com/jordanlanch/docucenter-test/repository/discount_repository.go:68.30,70.3 1 1
github.com/jordanlanch/docucenter-test/repository/discount_repository.go:74.78,76.25 2 2
github.com/jordanlanch/docucenter-test/repository/discount_repository.go:79.2,79.30 1 2
github.com/jordanlanch/docucenter-test/repository/discount_repository.go:82.2,82.12 1 1
github.com/jordanlanch/docucenter-test/repository/discount_repository.go:76.25,78.3 1 0
github.com/jordanlanch/docucenter-test/repository/discount_repository.go:79.30,81.3 1 1
github.com/jordanlanch/docucenter-test/repository/logistics_repository.go:17.83,19.2 1 1
github.com/jordanlanch/docucenter-test/repository/logistics_repository.go:21.153,27.28 4 3
github.com/jordanlanch/docucenter-test/repository/logistics_repository.go:31.2,32.25 2 3
github.com/jordanlanch/docucenter-test/repository/logistics_repository.go:35.2,35.23 1 3
github.com/jordanlanch/docucenter-test/repository/logistics_repository.go:27.28,29.3 1 1
github.com/jordanlanch/docucenter-test/repository/logistics_repository.go:32.25,34.3 1 0
github.com/jordanlanch/docucenter-test/repository/logistics_repository.go:38.102,42.25 3 3
github.com/jordanlanch/docucenter-test/repository/logistics_repository.go:45.2,45.24 1 2
github.com/jordanlanch/docucenter-test/repository/logistics_repository.go:42.25,44.3 1 1
github.com/jordanlanch/docucenter-test/repository/logistics_repository.go:48.107,50.25 2 8
github.com/jordanlanch/docucenter-test/repository/logistics_repository.go:53.2,53.16 1 8
github.com/jordanlanch/docucenter-test/repository/logistics_repository.go:50.25,52.3 1 0
github.com/jordanlanch/docucenter-test/repository/logistics_repository.go:56.122,58.25 2 2
github.com/jordanlanch/docucenter-test/repository/logistics_repository.go:61.2,61.30 1 2
github.com/jordanlanch/docucenter-test/repository/logistics_repository.go:64.2,64.16 1 1
github.com/jordanlanch/docucenter-test/repository/logistics_repository.go:58.25,60.3 1 0
github.com/jordanlanch/docucenter-test/repository/logistics_repository.go:61.30,63.3 1 1
github.com/jordanlanch/docucenter-test/repository/logistics_repository.go:67.79,69.25 2 2
github.com/jordanlanch/docucenter-test/repository/logistics_repository.go:72.2,72.30 1 2
github.com/jordanlanch/docucenter-test/repository/logistics_repository.go:75.2,75.12 1 1
github.com/jordanlanch/docucenter-test/repository/logistics_repository.go:69.25,71.3 1 0
github.com/jordanlanch/docucenter-test/repository/logistics_repository.go:72.30,74.3 1 1
github.com/jordanlanch/docucenter-test/repository/product_repository.go:17.79,19.2 1 9
github.com/jordanlanch/docucenter-test/repository/product_repository.go:21.149,26.28 4 2
github.com/jordanlanch/docucenter-test/repository/product_repository.go:30.2,31.25 2 2
github.com/jordanlanch/docucenter-test/repository/product_repository.go:34.2,34.21 1 2
github.com/jordanlanch/docucenter-test/repository/product_repository.go:26.28,28.3 1 1
github.com/jordanlanch/docucenter-test/repository/product_repository.go:31.25,33.3 1 0
github.com/jordanlanch/docucenter-test/repository/product_repository.go:37.98,41.25 3 4
github.com/jordanlanch/docucenter-test/repository/product_repository.go:44.2,44.22 1 2
github.com/jordanlanch/docucenter-test/repository/product_repository.go:41.25,43.3 1 2
github.com/jordanlanch/docucenter-test/repository/product_repository.go:47.100,49.25 2 15
github.com/jordanlanch/docucenter-test/repository/product_repository.go:52.2,52.15 1 15
github.com/jordanlanch/docucenter-test/repository/product_repository.go:49.25,51.3 1 0
github.com/jordanlanch/docucenter-test/repository/product_repository.go:55.115,57.25 2 2
github.com/jordanlanch/docucenter-test/repository/product_repository.go:60.2,60.30 1 2
github.com/jordanlanch/docucenter-test/repository/product_repository.go:63.2,63.15 1 1
github.com/jordanlanch/docucenter-test/repository/product_repository.go:57.25,59.3 1 0
github.com/jordanlanch/docucenter-test/repository/product_repository.go:60.30,62.3 1 1
github.com/jordanlanch/docucenter-test/repository/product_repository.go:66.77,68.25 2 2
github.com/jordanlanch/docucenter-test/repository/product_repository.go:71.2,71.30 1 2
github.com/jordanlanch/docucenter-test/repository/product_repository.go:74.2,74.12 1 1
github.com/jordanlanch/docucenter-test/repository/product_repository.go:68.25,70.3 1 0
github.com/jordanlanch/docucenter-test/repository/product_repository.go:71.30,73.3 1 1
github.com/jordanlanch/docucenter-test/repository/user_repository.go:17.73,19.2 1 4
github.com/jordanlanch/docucenter-test/repository/user_repository.go:21.95,23.25 2 4
github.com/jordanlanch/docucenter-test/repository/user_repository.go:26.2,26.18 1 4
github.com/jordanlanch/docucenter-test/repository/user_repository.go:23.25,25.3 1 0
github.com/jordanlanch/docucenter-test/repository/user_repository.go:29.92,32.25 3 2
github.com/jordanlanch/docucenter-test/repository/user_repository.go:35.2,35.19 1 1
github.com/jordanlanch/docucenter-test/repository/user_repository.go:32.25,34.3 1 1
github.com/jordanlanch/docucenter-test/repository/user_repository.go:38.95,41.25 3 2
github.com/jordanlanch/docucenter-test/repository/user_repository.go:44.2,44.19 1 1
github.com/jordanlanch/docucenter-test/repository/user_repository.go:41.25,43.3 1 1
github.com/jordanlanch/docucenter-test/repository/user_repository.go:47.95,49.25 2 1
github.com/jordanlanch/docucenter-test/repository/user_repository.go:52.2,52.30 1 1
github.com/jordanlanch/docucenter-test/repository/user_repository.go:55.2,55.18 1 1
github.com/jordanlanch/docucenter-test/repository/user_repository.go:49.25,51.3 1 0
github.com/jordanlanch/docucenter-test/repository/user_repository.go:52.30,54.3 1 0
github.com/jordanlanch/docucenter-test/repository/user_repository.go:58.74,60.25 2 0
github.com/jordanlanch/docucenter-test/repository/user_repository.go:63.2,63.30 1 0
github.com/jordanlanch/docucenter-test/repository/user_repository.go:66.2,66.12 1 0
github.com/jordanlanch/docucenter-test/repository/user_repository.go:60.25,62.3 1 0
github.com/jordanlanch/docucenter-test/repository/user_repository.go:63.30,65.3 1 0
github.com/jordanlanch/docucenter-test/repository/warehouses_and_ports_repository.go:17.91,19.2 1 8
github.com/jordanlanch/docucenter-test/repository/warehouses_and_ports_repository.go:21.166,26.28 4 2
github.com/jordanlanch/docucenter-test/repository/warehouses_and_ports_repository.go:30.2,31.25 2 2
github.com/jordanlanch/docucenter-test/repository/warehouses_and_ports_repository.go:34.2,34.27 1 2
github.com/jordanlanch/docucenter-test/repository/warehouses_and_ports_repository.go:26.28,28.3 1 1
github.com/jordanlanch/docucenter-test/repository/warehouses_and_ports_repository.go:31.25,33.3 1 0
github.com/jordanlanch/docucenter-test/repository/warehouses_and_ports_repository.go:37.115,41.25 3 4
github.com/jordanlanch/docucenter-test/repository/warehouses_and_ports_repository.go:44.2,44.28 1 2
github.com/jordanlanch/docucenter-test/repository/warehouses_and_ports_repository.go:41.25,43.3 1 2
github.com/jordanlanch/docucenter-test/repository/warehouses_and_ports_repository.go:47.129,49.25 2 10
github.com/jordanlanch/docucenter-test/repository/warehouses_and_ports_repository.go:52.2,52.16 1 10
github.com/jordanlanch/docucenter-test/repository/warehouses_and_ports_repository.go:49.25,51.3 1 0
github.com/jordanlanch/docucenter-test/repository/warehouses_and_ports_repository.go:55.144,57.25 2 1
github.com/jordanlanch/docucenter-test/repository/warehouses_and_ports_repository.go:60.2,60.30 1 1
github.com/jordanlanch/docucenter-test/repository/warehouses_and_ports_repository.go:63.2,63.16 1 1
github.com/jordanlanch/docucenter-test/repository/warehouses_and_ports_repository.go:57.25,59.3 1 0
github.com/jordanlanch/docucenter-test/repository/warehouses_and_ports_repository.go:60.30,62.3 1 0
github.com/jordanlanch/docucenter-test/repository/warehouses_and_ports_repository.go:66.83,68.25 2 2
github.com/jordanlanch/docucenter-test/repository/warehouses_and_ports_repository.go:71.2,71.30 1 2
github.com/jordanlanch/docucenter-test/repository/warehouses_and_ports_repository.go:74.2,74.12 1 1
github.com/jordanlanch/docucenter-test/repository/warehouses_and_ports_repository.go:68.25,70.3 1 0
github.com/jordanlanch/docucenter-test/repository/warehouses_and_ports_repository.go:71.30,73.3 1 1
github.com/jordanlanch/docucenter-test/repository/customer_repository.go:17.81,19.2 1 5
github.com/jordanlanch/docucenter-test/repository/customer_repository.go:22.75,23.23 1 8
github.com/jordanlanch/docucenter-test/repository/customer_repository.go:31.2,31.11 1 8
github.com/jordanlanch/docucenter-test/repository/customer_repository.go:23.23,24.30 1 7
github.com/jordanlanch/docucenter-test/repository/customer_repository.go:27.3,27.31 1 7
github.com/jordanlanch/docucenter-test/repository/customer_repository.go:24.30,26.4 1 7
github.com/jordanlanch/docucenter-test/repository/customer_repository.go:27.31,29.4 1 7
github.com/jordanlanch/docucenter-test/repository/customer_repository.go:34.151,39.28 4 0
github.com/jordanlanch/docucenter-test/repository/customer_repository.go:43.2,44.25 2 0
github.com/jordanlanch/docucenter-test/repository/customer_repository.go:47.2,47.22 1 0
github.com/jordanlanch/docucenter-test/repository/customer_repository.go:39.28,41.3 1 0
github.com/jordanlanch/docucenter-test/repository/customer_repository.go:44.25,46.3 1 0
github.com/jordanlanch/docucenter-test/repository/customer_repository.go:50.100,54.25 3 4
github.com/jordanlanch/docucenter-test/repository/customer_repository.go:57.2,57.23 1 2
github.com/jordanlanch/docucenter-test/repository/customer_repository.go:54.25,56.3 1 2
github.com/jordanlanch/docucenter-test/repository/customer_repository.go:60.103,62.25 2 6
github.com/jordanlanch/docucenter-test/repository/customer_repository.go:65.2,65.15 1 5
github.com/jordanlanch/docucenter-test/repository/customer_repository.go:62.25,64.3 1 1
github.com/jordanlanch/docucenter-test/repository/customer_repository.go:68.118,70.25 2 1
github.com/jordanlanch/docucenter-test/repository/customer_repository.go:73.2,73.30 1 1
github.com/jordanlanch/docucenter-test/repository/customer_repository.go:76.2,76.15 1 1
github.com/jordanlanch/docucenter-test/repository/customer_repository.go:70.25,72.3 1 0
github.com/jordanlanch/docucenter-test/repository/customer_repository.go:73.30,75.3 1 0
github.com/jordanlanch/docucenter-test/repository/customer_repository.go:79.78,81.25 2 2
github.com/jordanlanch/docucenter-test/repository/customer_repository.go:84.2,84.30 1 2
github.com/jordanlanch/docucenter-test/repository/customer_repository.go:87.2,87.12 1 1
github.com/jordanlanch/docucenter-test/repository/customer_repository.go:81.25,83.3 1 0
github.com/jordanlanch/docucenter-test/repository/customer_repository.go:84.30,86.3 1 1
